<?xml version="1.0" encoding="UTF-8"?>
<!-- Generated by org.testng.reporters.JUnitReportReporter -->
<testsuite skipped="0" hostname="C40LAP-13013" name="com.browserautomation.TC_selenium" tests="1" failures="0" timestamp="2021-12-15T22:55:00 IST" time="27.833" errors="0">
  <testcase name="login_Test" time="27.833" classname="com.browserautomation.TC_selenium"/>
  <system-out/>
</testsuite> <!-- com.browserautomation.TC_selenium -->
