<?xml version="1.0" encoding="UTF-8"?>
<!-- Generated by org.testng.reporters.JUnitReportReporter -->
<testsuite skipped="0" hostname="C40LAP-13013" name="com.browserautomation.webapptest" tests="2" failures="0" timestamp="2021-12-15T22:55:00 IST" time="0.007" errors="0">
  <testcase name="testlogin1" time="0.007" classname="com.browserautomation.webapptest"/>
  <system-out/>
  <testcase name="testloin2" time="0.000" classname="com.browserautomation.webapptest"/>
  <system-out/>
</testsuite> <!-- com.browserautomation.webapptest -->
